Requiring model: ../models/content
Requiring model: ../models/repository
Requiring model: ../models/user
Configuring variable: mongo_db taken from default value: mongodb://ec2-52-19-217-56.eu-west-1.compute.amazonaws.com:27017/user_db
Configuring variable: zk taken from default value: stg-kafka.bubbleyou.com:2181
Configuring variable: client_id taken from default value: auth-service
Configuring variable: kafka.session_timeout taken from default value: 30000
Configuring variable: kafka.spin_delay taken from default value: 2000
Configuring variable: kafka.retry taken from default value: 3
Configuring variable: kafka.topic.status taken from default value: service_status
Configuring variable: kafka.topic.login taken from default value: user_login
Configuring variable: kafka.topic.phone_register taken from default value: phone_register
Express app started on port 3000
Connection established to MongoDB
Requiring model: ../models/content
Requiring model: ../models/repository
Requiring model: ../models/user
Configuring variable: mongo_db taken from default value: mongodb://ec2-52-19-217-56.eu-west-1.compute.amazonaws.com:27017/user_db
Configuring variable: zk taken from default value: stg-kafka.bubbleyou.com:2181
Configuring variable: client_id taken from default value: auth-service
Configuring variable: kafka.session_timeout taken from default value: 30000
Configuring variable: kafka.spin_delay taken from default value: 2000
Configuring variable: kafka.retry taken from default value: 3
Configuring variable: kafka.topic.status taken from default value: service_status
Configuring variable: kafka.topic.login taken from default value: user_login
Configuring variable: kafka.topic.phone_register taken from default value: phone_register
Express app started on port 3000
Connection established to MongoDB
status called.
